<?xml version="1.0" encoding="UTF-8"?>
<!-- Generated by org.testng.reporters.JUnitReportReporter -->
<testsuite skipped="0" hostname="AST-pc" name="testNGExamples.GroupsDemo" tests="5" failures="0" timestamp="2019-12-14T19:03:40 EST" time="0.045" errors="0">
  <testcase name="test1" time="0.021" classname="testNGExamples.GroupsDemo"/>
  <testcase name="test6" time="0.004" classname="testNGExamples.GroupsDemo"/>
  <testcase name="test3" time="0.007" classname="testNGExamples.GroupsDemo"/>
  <testcase name="test2" time="0.007" classname="testNGExamples.GroupsDemo"/>
  <testcase name="test5" time="0.006" classname="testNGExamples.GroupsDemo"/>
</testsuite> <!-- testNGExamples.GroupsDemo -->
