<?xml version="1.0" encoding="UTF-8"?>
<!-- Generated by org.testng.reporters.JUnitReportReporter -->
<testsuite skipped="0" hostname="AST-pc" name="restApi.Get_Test" tests="1" failures="0" timestamp="2020-04-18T08:14:22 EDT" time="7.467" errors="0">
  <testcase name="test_1" time="7.467" classname="restApi.Get_Test"/>
</testsuite> <!-- restApi.Get_Test -->
