<?xml version="1.0" encoding="UTF-8"?>
<!-- Generated by org.testng.reporters.JUnitReportReporter -->
<testsuite skipped="0" hostname="AST-pc" name="restApi.PostTest" tests="5" failures="0" timestamp="2020-04-18T08:57:00 EDT" time="5.290" errors="0">
  <testcase name="putUSersJsonObject" time="0.316" classname="restApi.PostTest"/>
  <testcase name="postUSersNormalMap" time="0.384" classname="restApi.PostTest"/>
  <testcase name="patchUSersJsonObject" time="0.500" classname="restApi.PostTest"/>
  <testcase name="deletechUSersJsonObject" time="3.743" classname="restApi.PostTest"/>
  <testcase name="postUSersJsonObject" time="0.347" classname="restApi.PostTest"/>
</testsuite> <!-- restApi.PostTest -->
