<?xml version="1.0" encoding="UTF-8"?>
<!-- Generated by org.testng.reporters.JUnitReportReporter -->
<testsuite skipped="0" hostname="AST-pc" name="testNGExamples.DependsOnDemo" tests="4" failures="0" timestamp="2019-12-13T18:52:32 EST" time="0.031" errors="0">
  <testcase name="testd1" time="0.002" classname="testNGExamples.DependsOnDemo"/>
  <testcase name="testd3" time="0.004" classname="testNGExamples.DependsOnDemo"/>
  <testcase name="testd4" time="0.003" classname="testNGExamples.DependsOnDemo"/>
  <testcase name="testd2" time="0.022" classname="testNGExamples.DependsOnDemo"/>
</testsuite> <!-- testNGExamples.DependsOnDemo -->
