<?xml version="1.0" encoding="UTF-8"?>
<!-- Generated by org.testng.reporters.JUnitReportReporter -->
<testsuite skipped="1" hostname="AST-pc" name="ignore.IgnoreDmo" tests="2" failures="0" timestamp="2019-12-14T19:03:28 EST" time="0.023" errors="0">
  <testcase name="test2" time="0.023" classname="ignore.IgnoreDmo"/>
  <testcase name="test1" classname="ignore.IgnoreDmo">
    <skipped/>
  </testcase> <!-- test1 -->
</testsuite> <!-- ignore.IgnoreDmo -->
